<?xml version="1.0" encoding="UTF-8"?>
<TestRun id="e133dd3a-40a3-4c26-9c01-f2ec6ba93964" name="Travail@TRAVAIL-PC 2014-04-08 17:02:26" runUser="Travail-PC\Travail" xmlns="http://microsoft.com/schemas/VisualStudio/TeamTest/2010">
  <TestSettings name="Local" id="2d37db87-a09d-40ba-a01a-4e75ff7d53bc">
    <Description>Il s'agit des paramètres de test par défaut pour une série de tests locale.</Description>
    <Deployment enabled="false" runDeploymentRoot="Travail_TRAVAIL-PC 2014-04-08 17_02_26">
      <DeploymentItem filename="C:\Users\Travail\Desktop\PPE2\Mission5 PPE\PPE2 mission5\mission5IncidentAmelioration\ressources\PPE_MISSION_2_MAISON_DES_LIGUES\PPE_MISSION_2_MAISON_DES_LIGUES\bin\Debug\itextsharp.xtra.dll" />
      <DeploymentItem filename="C:\Users\Travail\Desktop\PPE2\Mission5 PPE\PPE2 mission5\mission5IncidentAmelioration\ressources\PPE_MISSION_2_MAISON_DES_LIGUES\PPE_MISSION_2_MAISON_DES_LIGUES\bin\Debug\PPE_MISSION_2_MAISON_DES_LIGUES.exe" />
      <DeploymentItem filename="C:\Users\Travail\Desktop\PPE2\Mission5 PPE\PPE2 mission5\mission5IncidentAmelioration\ressources\PPE_MISSION_2_MAISON_DES_LIGUES\PPE_MISSION_2_MAISON_DES_LIGUES\bin\Debug\itextsharp.dll" />
      <DeploymentItem filename="C:\Users\Travail\Desktop\PPE2\Mission5 PPE\PPE2 mission5\mission5IncidentAmelioration\ressources\PPE_MISSION_2_MAISON_DES_LIGUES\PPE_MISSION_2_MAISON_DES_LIGUES\bin\Debug\itextsharp.pdfa.dll" />
    </Deployment>
    <Execution>
      <TestTypeSpecific />
      <AgentRule name="Execution Agents">
      </AgentRule>
    </Execution>
  </TestSettings>
  <Times creation="2014-04-08T17:02:26.4127694+02:00" queuing="2014-04-08T17:02:27.9918597+02:00" start="2014-04-08T17:02:28.1448684+02:00" finish="2014-04-08T17:02:29.0529204+02:00" />
  <ResultSummary outcome="Completed">
    <Counters total="1" executed="1" passed="1" error="0" failed="0" timeout="0" aborted="0" inconclusive="0" passedButRunAborted="0" notRunnable="0" notExecuted="0" disconnected="0" warning="0" completed="0" inProgress="0" pending="0" />
  </ResultSummary>
  <TestDefinitions>
    <UnitTest name="verifUtilisateurTest" storage="c:\users\travail\desktop\ppe2\mission5 ppe\ppe2 mission5\mission5incidentamelioration\ressources\ppe_mission_2_maison_des_ligues\testproject1\bin\debug\testproject1.dll" id="5d67dc18-8908-cc78-c0a8-be799ff9c4d7">
      <Execution id="14b1ce6c-9e4d-437e-89b0-2ebd4fe8565b" />
      <TestMethod codeBase="C:/Users/Travail/Desktop/PPE2/Mission5 PPE/PPE2 mission5/mission5IncidentAmelioration/ressources/PPE_MISSION_2_MAISON_DES_LIGUES/TestProject1/bin/Debug/TestProject1.DLL" adapterTypeName="Microsoft.VisualStudio.TestTools.TestTypes.Unit.UnitTestAdapter, Microsoft.VisualStudio.QualityTools.Tips.UnitTest.Adapter, Version=10.0.0.0, Culture=neutral, PublicKeyToken=b03f5f7f11d50a3a" className="TestProject1.adherentDAOTest, TestProject1, Version=1.0.0.0, Culture=neutral, PublicKeyToken=null" name="verifUtilisateurTest" />
    </UnitTest>
  </TestDefinitions>
  <TestLists>
    <TestList name="Les résultats ne figurent pas dans une liste" id="8c84fa94-04c1-424b-9868-57a2d4851a1d" />
    <TestList name="Tous les résultats chargés" id="19431567-8539-422a-85d7-44ee4e166bda" />
  </TestLists>
  <TestEntries>
    <TestEntry testId="5d67dc18-8908-cc78-c0a8-be799ff9c4d7" executionId="14b1ce6c-9e4d-437e-89b0-2ebd4fe8565b" testListId="8c84fa94-04c1-424b-9868-57a2d4851a1d" />
  </TestEntries>
  <Results>
    <UnitTestResult executionId="14b1ce6c-9e4d-437e-89b0-2ebd4fe8565b" testId="5d67dc18-8908-cc78-c0a8-be799ff9c4d7" testName="verifUtilisateurTest" computerName="TRAVAIL-PC" duration="00:00:00.2891032" startTime="2014-04-08T17:02:28.1598693+02:00" endTime="2014-04-08T17:02:28.9599151+02:00" testType="13cdc9d9-ddb5-4fa4-a97d-d965ccfc6d4b" outcome="Passed" testListId="8c84fa94-04c1-424b-9868-57a2d4851a1d" relativeResultsDirectory="14b1ce6c-9e4d-437e-89b0-2ebd4fe8565b">
    </UnitTestResult>
  </Results>
</TestRun>